2025-12-21 21:39:34,468 - WARNING - (trapped) error reading bcrypt version
Traceback (most recent call last):
  File "C:\Users\Aditya Mishra\OneDrive\Desktop\CRM BACKEND\venv\Lib\site-packages\passlib\handlers\bcrypt.py", line 620, in _load_backend_mixin
    version = _bcrypt.__about__.__version__
              ^^^^^^^^^^^^^^^^^
AttributeError: module 'bcrypt' has no attribute '__about__'
2025-12-21 22:30:14,839 - WARNING - (trapped) error reading bcrypt version
Traceback (most recent call last):
  File "C:\Users\Aditya Mishra\OneDrive\Desktop\CRM BACKEND\venv\Lib\site-packages\passlib\handlers\bcrypt.py", line 620, in _load_backend_mixin
    version = _bcrypt.__about__.__version__
              ^^^^^^^^^^^^^^^^^
AttributeError: module 'bcrypt' has no attribute '__about__'
2025-12-21 22:30:44,755 - WARNING - (trapped) error reading bcrypt version
Traceback (most recent call last):
  File "C:\Users\Aditya Mishra\OneDrive\Desktop\CRM BACKEND\venv\Lib\site-packages\passlib\handlers\bcrypt.py", line 620, in _load_backend_mixin
    version = _bcrypt.__about__.__version__
              ^^^^^^^^^^^^^^^^^
AttributeError: module 'bcrypt' has no attribute '__about__'
2025-12-21 23:00:24,795 - WARNING - (trapped) error reading bcrypt version
Traceback (most recent call last):
  File "C:\Users\Aditya Mishra\OneDrive\Desktop\CRM BACKEND\venv\Lib\site-packages\passlib\handlers\bcrypt.py", line 620, in _load_backend_mixin
    version = _bcrypt.__about__.__version__
              ^^^^^^^^^^^^^^^^^
AttributeError: module 'bcrypt' has no attribute '__about__'
2025-12-21 23:00:43,387 - WARNING - (trapped) error reading bcrypt version
Traceback (most recent call last):
  File "C:\Users\Aditya Mishra\OneDrive\Desktop\CRM BACKEND\venv\Lib\site-packages\passlib\handlers\bcrypt.py", line 620, in _load_backend_mixin
    version = _bcrypt.__about__.__version__
              ^^^^^^^^^^^^^^^^^
AttributeError: module 'bcrypt' has no attribute '__about__'
2025-12-24 00:51:36,768 - WARNING - (trapped) error reading bcrypt version
Traceback (most recent call last):
  File "C:\Users\Aditya Mishra\OneDrive\Desktop\CRM BACKEND\venv\Lib\site-packages\passlib\handlers\bcrypt.py", line 620, in _load_backend_mixin
    version = _bcrypt.__about__.__version__
              ^^^^^^^^^^^^^^^^^
AttributeError: module 'bcrypt' has no attribute '__about__'
